SF:/Users/bhaswanthisani/Neos/Packages/zod/lib/src/zod.dart
FN:11,Zod.zodString
FN:14,Zod.zodInt
FN:17,Zod.zodDouble
FN:22,Zod.zodList
FNDA:3,Zod.zodString
FNDA:3,Zod.zodInt
FNDA:3,Zod.zodDouble
FNDA:1,Zod.zodList
FNF:4
FNH:4
DA:11,3
DA:14,3
DA:17,3
DA:22,1
DA:26,2
LF:5
LH:5
BRDA:11,0,0,1
BRDA:14,0,0,1
BRDA:17,0,0,1
BRDA:22,0,0,1
end_of_record
SF:/Users/bhaswanthisani/Neos/Packages/zod/lib/src/zod_double.dart
FN:10,ZodDouble.ZodDouble
FN:16,ZodDouble.call
FN:22,ZodDoubleValidationExtension.min
FN:31,ZodDoubleValidationExtension.max
FN:40,ZodDoubleValidationExtension.finite
FN:49,ZodDoubleValidationExtension.infinite
FN:58,ZodDoubleValidationExtension.notNull
FN:65,ZodDoubleValidationExtension.multipleOf
FN:74,ZodDoubleValidationExtension.positive
FN:83,ZodDoubleValidationExtension.negative
FN:92,ZodDoubleValidationExtension.nonnegative
FN:101,ZodDoubleValidationExtension.nonpositive
FNDA:2,ZodDouble.ZodDouble
FNDA:4,ZodDouble.call
FNDA:1,ZodDoubleValidationExtension.min
FNDA:1,ZodDoubleValidationExtension.max
FNDA:1,ZodDoubleValidationExtension.finite
FNDA:1,ZodDoubleValidationExtension.infinite
FNDA:1,ZodDoubleValidationExtension.notNull
FNDA:1,ZodDoubleValidationExtension.multipleOf
FNDA:1,ZodDoubleValidationExtension.positive
FNDA:1,ZodDoubleValidationExtension.negative
FNDA:1,ZodDoubleValidationExtension.nonnegative
FNDA:1,ZodDoubleValidationExtension.nonpositive
FNF:12
FNH:12
DA:10,2
DA:16,4
DA:22,1
DA:23,1
DA:24,6
DA:25,1
DA:26,1
DA:31,1
DA:32,1
DA:33,6
DA:34,1
DA:35,1
DA:40,1
DA:41,1
DA:42,4
DA:43,1
DA:44,1
DA:49,1
DA:50,1
DA:51,4
DA:52,1
DA:53,1
DA:58,1
DA:59,1
DA:60,4
DA:65,1
DA:66,1
DA:67,5
DA:68,1
DA:69,1
DA:74,1
DA:75,1
DA:76,4
DA:77,1
DA:78,1
DA:83,1
DA:84,1
DA:85,4
DA:86,1
DA:87,1
DA:92,1
DA:93,1
DA:94,4
DA:95,1
DA:96,1
DA:101,1
DA:102,1
DA:103,4
DA:104,1
DA:105,1
LF:50
LH:50
BRDA:10,0,0,2
BRDA:16,0,0,2
BRDA:22,0,0,1
BRDA:24,0,0,1
BRDA:31,0,0,1
BRDA:33,0,0,1
BRDA:40,0,0,1
BRDA:42,0,0,1
BRDA:49,0,0,1
BRDA:51,0,0,1
BRDA:58,0,0,1
BRDA:60,0,0,1
BRDA:65,0,0,1
BRDA:67,0,0,1
BRDA:74,0,0,1
BRDA:76,0,0,1
BRDA:83,0,0,1
BRDA:85,0,0,1
BRDA:92,0,0,1
BRDA:94,0,0,1
BRDA:101,0,0,1
BRDA:103,0,0,1
end_of_record
SF:/Users/bhaswanthisani/Neos/Packages/zod/lib/src/zod_int.dart
FN:10,ZodInt.ZodInt
FN:16,ZodInt.call
FN:22,ZodIntValidationExtension.equalTo
FN:31,ZodIntValidationExtension.min
FN:40,ZodIntValidationExtension.max
FN:49,ZodIntValidationExtension.notNull
FN:56,ZodIntValidationExtension.even
FN:65,ZodIntValidationExtension.odd
FN:74,ZodIntValidationExtension.multipleOf
FN:83,ZodIntValidationExtension.positive
FN:92,ZodIntValidationExtension.negative
FN:101,ZodIntValidationExtension.nonnegative
FN:110,ZodIntValidationExtension.nonpositive
FNDA:2,ZodInt.ZodInt
FNDA:4,ZodInt.call
FNDA:1,ZodIntValidationExtension.equalTo
FNDA:1,ZodIntValidationExtension.min
FNDA:1,ZodIntValidationExtension.max
FNDA:1,ZodIntValidationExtension.notNull
FNDA:1,ZodIntValidationExtension.even
FNDA:1,ZodIntValidationExtension.odd
FNDA:1,ZodIntValidationExtension.multipleOf
FNDA:1,ZodIntValidationExtension.positive
FNDA:1,ZodIntValidationExtension.negative
FNDA:1,ZodIntValidationExtension.nonnegative
FNDA:1,ZodIntValidationExtension.nonpositive
FNF:13
FNH:13
DA:10,2
DA:16,4
DA:22,1
DA:23,1
DA:24,4
DA:25,1
DA:26,1
DA:31,1
DA:32,1
DA:33,6
DA:34,1
DA:35,1
DA:40,1
DA:41,1
DA:42,6
DA:43,1
DA:44,1
DA:49,1
DA:50,1
DA:51,4
DA:56,1
DA:57,1
DA:58,4
DA:59,1
DA:60,1
DA:65,1
DA:66,1
DA:67,4
DA:68,1
DA:69,1
DA:74,1
DA:75,1
DA:76,5
DA:77,1
DA:78,1
DA:83,1
DA:84,1
DA:85,4
DA:86,1
DA:87,1
DA:92,1
DA:93,1
DA:94,4
DA:95,1
DA:96,1
DA:101,1
DA:102,1
DA:103,4
DA:104,1
DA:105,1
DA:110,1
DA:111,1
DA:112,4
DA:113,1
DA:114,1
LF:55
LH:55
BRDA:10,0,0,2
BRDA:16,0,0,2
BRDA:22,0,0,1
BRDA:24,0,0,1
BRDA:31,0,0,1
BRDA:33,0,0,1
BRDA:40,0,0,1
BRDA:42,0,0,1
BRDA:49,0,0,1
BRDA:51,0,0,1
BRDA:56,0,0,1
BRDA:58,0,0,1
BRDA:65,0,0,1
BRDA:67,0,0,1
BRDA:74,0,0,1
BRDA:76,0,0,1
BRDA:83,0,0,1
BRDA:85,0,0,1
BRDA:92,0,0,1
BRDA:94,0,0,1
BRDA:101,0,0,1
BRDA:103,0,0,1
BRDA:110,0,0,1
BRDA:112,0,0,1
end_of_record
SF:/Users/bhaswanthisani/Neos/Packages/zod/lib/src/zod_list.dart
FN:11,ZodList.ZodList
FN:20,ZodList.call
FN:32,ZodListValidationExtension.min
FN:41,ZodListValidationExtension.max
FN:50,ZodListValidationExtension.exactLength
FN:59,ZodListValidationExtension.notNull
FNDA:2,ZodList.ZodList
FNDA:6,ZodList.call
FNDA:1,ZodListValidationExtension.min
FNDA:1,ZodListValidationExtension.max
FNDA:1,ZodListValidationExtension.exactLength
FNDA:1,ZodListValidationExtension.notNull
FNF:6
FNH:6
DA:11,2
DA:20,6
DA:21,2
DA:22,8
DA:23,6
DA:24,2
DA:25,2
DA:26,2
DA:32,1
DA:33,1
DA:34,5
DA:35,1
DA:36,1
DA:41,1
DA:42,1
DA:43,5
DA:44,1
DA:45,1
DA:50,1
DA:51,1
DA:52,5
DA:53,1
DA:54,1
DA:59,1
DA:60,1
DA:61,4
LF:26
LH:26
BRDA:11,0,0,2
BRDA:20,0,0,2
BRDA:22,0,0,2
BRDA:23,0,0,2
BRDA:24,0,0,0
BRDA:32,0,0,1
BRDA:34,0,0,1
BRDA:41,0,0,1
BRDA:43,0,0,1
BRDA:50,0,0,1
BRDA:52,0,0,1
BRDA:59,0,0,1
BRDA:61,0,0,1
end_of_record
SF:/Users/bhaswanthisani/.pub-cache/hosted/pub.dev/fpdart-1.1.0/lib/src/either.dart
FN:52,_#EitherZodList#Do#tearOff
FN:391,_#EitherZodList#flatten#tearOff
FN:396,_#EitherZodList#of#tearOff
FN:401,_#EitherZodList#right#tearOff
FN:404,_#EitherZodList#left#tearOff
FN:409,_#EitherZodList#fromOption#tearOff
FN:416,_#EitherZodList#fromPredicate#tearOff
FN:422,_#EitherZodList#fromNullable#tearOff
FN:427,_#EitherZodList#tryCatch#tearOff
FN:448,_#EitherZodList#safeCast#tearOff
FNF:10
FNH:0
LF:0
LH:0
end_of_record
SF:/Users/bhaswanthisani/Neos/Packages/zod/lib/src/zod_string.dart
FN:10,ZodString.ZodString
FN:16,ZodString.call
FN:23,ZodStringValidationExtension.min
FN:34,ZodStringValidationExtension.max
FN:44,ZodStringValidationExtension.lengthEqual
FN:53,ZodStringValidationExtension.email
FN:64,ZodStringValidationExtension.url
FN:75,ZodStringValidationExtension.uuid
FN:86,ZodStringValidationExtension.nanoid
FN:96,ZodStringValidationExtension.cuid
FN:106,ZodStringValidationExtension.cuid2
FN:116,ZodStringValidationExtension.ulid
FN:126,ZodStringValidationExtension.startsWith
FN:135,ZodStringValidationExtension.endsWith
FN:144,ZodStringValidationExtension.contains
FN:153,ZodStringValidationExtension.regex
FN:162,ZodStringValidationExtension.ipv4
FN:173,ZodStringValidationExtension.ipv6
FN:184,ZodStringValidationExtension.base64
FN:195,ZodStringValidationExtension.notNull
FNDA:3,ZodString.ZodString
FNDA:6,ZodString.call
FNDA:3,ZodStringValidationExtension.min
FNDA:1,ZodStringValidationExtension.max
FNDA:1,ZodStringValidationExtension.lengthEqual
FNDA:1,ZodStringValidationExtension.email
FNDA:1,ZodStringValidationExtension.url
FNDA:1,ZodStringValidationExtension.uuid
FNDA:1,ZodStringValidationExtension.nanoid
FNDA:1,ZodStringValidationExtension.cuid
FNDA:1,ZodStringValidationExtension.cuid2
FNDA:1,ZodStringValidationExtension.ulid
FNDA:1,ZodStringValidationExtension.startsWith
FNDA:1,ZodStringValidationExtension.endsWith
FNDA:1,ZodStringValidationExtension.contains
FNDA:1,ZodStringValidationExtension.regex
FNDA:1,ZodStringValidationExtension.ipv4
FNDA:1,ZodStringValidationExtension.ipv6
FNDA:1,ZodStringValidationExtension.base64
FNDA:1,ZodStringValidationExtension.notNull
FNF:20
FNH:20
DA:10,3
DA:16,6
DA:23,3
DA:24,3
DA:25,15
DA:26,3
DA:27,3
DA:34,1
DA:35,1
DA:36,5
DA:37,1
DA:38,1
DA:44,1
DA:45,1
DA:46,5
DA:47,1
DA:48,1
DA:53,1
DA:54,1
DA:55,2
DA:56,1
DA:57,2
DA:58,1
DA:59,1
DA:64,1
DA:65,1
DA:66,2
DA:67,1
DA:68,2
DA:69,1
DA:70,1
DA:75,1
DA:76,1
DA:77,2
DA:78,1
DA:79,2
DA:80,1
DA:81,1
DA:86,1
DA:87,1
DA:88,1
DA:89,4
DA:90,1
DA:91,1
DA:96,1
DA:97,1
DA:98,1
DA:99,4
DA:100,1
DA:101,1
DA:106,1
DA:107,1
DA:108,1
DA:109,4
DA:110,1
DA:111,1
DA:116,1
DA:117,1
DA:118,1
DA:119,4
DA:120,1
DA:121,1
DA:126,1
DA:127,1
DA:128,4
DA:129,1
DA:130,1
DA:135,1
DA:136,1
DA:137,4
DA:138,1
DA:139,1
DA:144,1
DA:145,1
DA:146,4
DA:147,1
DA:148,1
DA:153,1
DA:154,1
DA:155,5
DA:156,1
DA:157,1
DA:162,1
DA:163,1
DA:164,2
DA:165,1
DA:166,2
DA:167,1
DA:168,1
DA:173,1
DA:174,1
DA:175,2
DA:176,1
DA:177,2
DA:178,1
DA:179,1
DA:184,1
DA:185,1
DA:186,2
DA:187,1
DA:188,2
DA:189,1
DA:190,1
DA:195,1
DA:196,1
DA:197,4
LF:106
LH:106
BRDA:10,0,0,3
BRDA:16,0,0,3
BRDA:23,0,0,3
BRDA:25,0,0,3
BRDA:34,0,0,1
BRDA:36,0,0,1
BRDA:44,0,0,1
BRDA:46,0,0,1
BRDA:53,0,0,1
BRDA:55,0,0,1
BRDA:64,0,0,1
BRDA:66,0,0,1
BRDA:75,0,0,1
BRDA:77,0,0,1
BRDA:86,0,0,1
BRDA:88,0,0,1
BRDA:96,0,0,1
BRDA:98,0,0,1
BRDA:106,0,0,1
BRDA:108,0,0,1
BRDA:116,0,0,1
BRDA:118,0,0,1
BRDA:126,0,0,1
BRDA:128,0,0,1
BRDA:135,0,0,1
BRDA:137,0,0,1
BRDA:144,0,0,1
BRDA:146,0,0,1
BRDA:153,0,0,1
BRDA:155,0,0,1
BRDA:162,0,0,1
BRDA:164,0,0,1
BRDA:173,0,0,1
BRDA:175,0,0,1
BRDA:184,0,0,1
BRDA:186,0,0,1
BRDA:195,0,0,1
BRDA:197,0,0,1
end_of_record
